<?xml version="1.0" encoding="UTF-8"?>
<testsuite xmlns:xsi="http://www.w3.org/2001/XMLSchema-instance" xsi:noNamespaceSchemaLocation="https://maven.apache.org/surefire/maven-surefire-plugin/xsd/surefire-test-report.xsd" name="ffw.calculadora.AppTest" time="0.383" tests="6" errors="0" skipped="0" failures="0">
  <properties>
[...]
</properties>
  <testcase name="testDiv" classname="ffw.calculadora.AppTest" time="0.27"/>
  <testcase name="testSub" classname="ffw.calculadora.AppTest" time="0"/>
  <testcase name="testMulti" classname="ffw.calculadora.AppTest" time="0.001"/>
  <testcase name="testSoma" classname="ffw.calculadora.AppTest" time="0"/>
  <testcase name="testInstanceZero" classname="ffw.calculadora.AppTest" time="0"/>
  <testcase name="testInstance" classname="ffw.calculadora.AppTest" time="0"/>
</testsuite>